<?xml version="1.0" encoding="UTF-8"?>
<!-- Generated by org.testng.reporters.JUnitXMLReporter -->
<testsuite hostname="ravinder-PC" ignored="3" name="Test" tests="2" failures="0" timestamp="07 Mar 2017 14:48:50 GMT" time="0.05" errors="0">
  <testcase name="afterlogin2ndpage" time="0.01" classname="ravinder.testngdemo2"/>
  <testcase name="afterlogin3rdpage" time="0.005" classname="ravinder.testngdemo2"/>
  <testcase name="login" time="0.0" classname="ravinder.testngdemo2">
    <ignored/>
  </testcase> <!-- login -->
  <testcase name="afterlogin1stpage" time="0.0" classname="ravinder.testngdemo2">
    <ignored/>
  </testcase> <!-- afterlogin1stpage -->
  <testcase name="afterlogin4rdpage" time="0.0" classname="ravinder.testngdemo2">
    <ignored/>
  </testcase> <!-- afterlogin4rdpage -->
</testsuite> <!-- Test -->
